<?xml version="1.0" encoding="UTF-8"?>
<!-- Generated by org.testng.reporters.JUnitXMLReporter -->
<testsuite hostname="DESKTOP-P941LS7" ignored="0" name="Test" tests="4" failures="0" timestamp="28 Jul 2021 10:45:41 GMT" time="0.018" errors="0">
  <testcase name="BrowserAutomation" time="0.003" classname="mavenpractice.Mavenjava.SeleniumTestCases"/>
  <testcase name="Elementsui" time="0.0" classname="mavenpractice.Mavenjava.SeleniumTestCases"/>
  <testcase name="AppleIOS" time="0.0" classname="mavenpractice.Mavenjava.AppiumTestcases"/>
  <testcase name="NativAppium" time="0.0" classname="mavenpractice.Mavenjava.AppiumTestcases"/>
</testsuite> <!-- Test -->
