<?xml version="1.0" encoding="UTF-8"?>
<testng-results skipped="0" failed="0" ignored="0" total="4" passed="4">
  <reporter-output>
  </reporter-output>
  <suite name="Suite" duration-ms="18" started-at="2021-07-28T10:45:41Z" finished-at="2021-07-28T10:45:41Z">
    <groups>
    </groups>
    <test name="Test" duration-ms="18" started-at="2021-07-28T10:45:41Z" finished-at="2021-07-28T10:45:41Z">
      <class name="mavenpractice.Mavenjava.AppiumTestcases">
        <test-method status="PASS" signature="AppleIOS()[pri:0, instance:mavenpractice.Mavenjava.AppiumTestcases@2d3fcdbd]" name="AppleIOS" duration-ms="0" started-at="2021-07-28T16:15:41Z" finished-at="2021-07-28T16:15:41Z">
          <reporter-output>
          </reporter-output>
        </test-method> <!-- AppleIOS -->
        <test-method status="PASS" signature="NativAppium()[pri:0, instance:mavenpractice.Mavenjava.AppiumTestcases@2d3fcdbd]" name="NativAppium" duration-ms="0" started-at="2021-07-28T16:15:41Z" finished-at="2021-07-28T16:15:41Z">
          <reporter-output>
          </reporter-output>
        </test-method> <!-- NativAppium -->
      </class> <!-- mavenpractice.Mavenjava.AppiumTestcases -->
      <class name="mavenpractice.Mavenjava.SeleniumTestCases">
        <test-method status="PASS" signature="BrowserAutomation()[pri:0, instance:mavenpractice.Mavenjava.SeleniumTestCases@6615435c]" name="BrowserAutomation" duration-ms="3" started-at="2021-07-28T16:15:41Z" finished-at="2021-07-28T16:15:41Z">
          <reporter-output>
          </reporter-output>
        </test-method> <!-- BrowserAutomation -->
        <test-method status="PASS" signature="Elementsui()[pri:0, instance:mavenpractice.Mavenjava.SeleniumTestCases@6615435c]" name="Elementsui" duration-ms="0" started-at="2021-07-28T16:15:41Z" finished-at="2021-07-28T16:15:41Z">
          <reporter-output>
          </reporter-output>
        </test-method> <!-- Elementsui -->
      </class> <!-- mavenpractice.Mavenjava.SeleniumTestCases -->
    </test> <!-- Test -->
  </suite> <!-- Suite -->
</testng-results>
